<?xml version="1.0" encoding="UTF-8"?>
<testng-results ignored="0" total="1" passed="1" failed="0" skipped="0">
  <reporter-output>
  </reporter-output>
  <suite started-at="2023-03-02T10:04:26 IST" name="Default suite" finished-at="2023-03-02T10:06:48 IST" duration-ms="141584">
    <groups>
    </groups>
    <test started-at="2023-03-02T10:04:26 IST" name="Default test" finished-at="2023-03-02T10:06:48 IST" duration-ms="141584">
      <class name="selenium_basics.window">
        <test-method signature="tc1()[pri:0, instance:selenium_basics.window@3d74bf60]" started-at="2023-03-02T10:04:26 IST" name="tc1" finished-at="2023-03-02T10:06:48 IST" duration-ms="141554" status="PASS">
          <reporter-output>
          </reporter-output>
        </test-method> <!-- tc1 -->
      </class> <!-- selenium_basics.window -->
    </test> <!-- Default test -->
  </suite> <!-- Default suite -->
</testng-results>
