<?xml version="1.0" encoding="UTF-8"?>
<testng-results ignored="0" total="1" passed="1" failed="0" skipped="0">
  <reporter-output>
  </reporter-output>
  <suite started-at="2023-02-21T17:17:20 IST" name="Default suite" finished-at="2023-02-21T17:18:33 IST" duration-ms="72767">
    <groups>
    </groups>
    <test started-at="2023-02-21T17:17:20 IST" name="Default test" finished-at="2023-02-21T17:18:33 IST" duration-ms="72767">
      <class name="testClass.LoginTest">
        <test-method is-config="true" signature="browsersetup()[pri:0, instance:testClass.LoginTest@47af7f3d]" started-at="2023-02-21T17:17:20 IST" name="browsersetup" finished-at="2023-02-21T17:17:45 IST" duration-ms="24742" status="PASS">
          <reporter-output>
          </reporter-output>
        </test-method> <!-- browsersetup -->
        <test-method signature="login()[pri:0, instance:testClass.LoginTest@47af7f3d]" started-at="2023-02-21T17:17:45 IST" name="login" finished-at="2023-02-21T17:18:33 IST" duration-ms="47995" status="PASS">
          <reporter-output>
          </reporter-output>
        </test-method> <!-- login -->
      </class> <!-- testClass.LoginTest -->
    </test> <!-- Default test -->
  </suite> <!-- Default suite -->
</testng-results>
